
*** Running vivado
    with args -log fir.vds -m64 -product Vivado -mode batch -messageDb vivado.pb -notrace -source fir.tcl


****** Vivado v2022.1 (64-bit)
  **** SW Build 3526262 on Mon Apr 18 15:47:01 MDT 2022
  **** IP Build 3524634 on Mon Apr 18 20:55:01 MDT 2022
    ** Copyright 1986-2022 Xilinx, Inc. All Rights Reserved.

source fir.tcl -notrace
Command: synth_design -top fir -part xczu7ev-ffvc1156-2-e
Starting synth_design
Attempting to get a license for feature 'Synthesis' and/or device 'xczu7ev'
INFO: [Common 17-349] Got license for feature 'Synthesis' and/or device 'xczu7ev'
INFO: [Synth 8-7079] Multithreading enabled for synth_design using a maximum of 4 processes.
INFO: [Synth 8-7078] Launching helper process for spawning children vivado processes
INFO: [Synth 8-7075] Helper process launched with PID 1142450
---------------------------------------------------------------------------------
Starting Synthesize : Time (s): cpu = 00:00:03 ; elapsed = 00:00:03 . Memory (MB): peak = 2903.082 ; gain = 0.000 ; free physical = 2059 ; free virtual = 5770
---------------------------------------------------------------------------------
INFO: [Synth 8-6157] synthesizing module 'fir' [/home/ubuntu/Desktop/fir/fir_new/fir_new.srcs/sources_1/new/fir.v:1]
INFO: [Synth 8-226] default block is never used [/home/ubuntu/Desktop/fir/fir_new/fir_new.srcs/sources_1/new/fir.v:152]
INFO: [Synth 8-6155] done synthesizing module 'fir' (0#1) [/home/ubuntu/Desktop/fir/fir_new/fir_new.srcs/sources_1/new/fir.v:1]
WARNING: [Synth 8-3917] design fir has port tap_EN driven by constant 1
WARNING: [Synth 8-3917] design fir has port tap_A[11] driven by constant 0
WARNING: [Synth 8-3917] design fir has port tap_A[10] driven by constant 0
WARNING: [Synth 8-3917] design fir has port tap_A[9] driven by constant 0
WARNING: [Synth 8-3917] design fir has port tap_A[8] driven by constant 0
WARNING: [Synth 8-3917] design fir has port tap_A[7] driven by constant 0
WARNING: [Synth 8-3917] design fir has port tap_A[6] driven by constant 0
WARNING: [Synth 8-3917] design fir has port data_EN driven by constant 1
WARNING: [Synth 8-3917] design fir has port data_A[11] driven by constant 0
WARNING: [Synth 8-3917] design fir has port data_A[10] driven by constant 0
WARNING: [Synth 8-3917] design fir has port data_A[9] driven by constant 0
WARNING: [Synth 8-3917] design fir has port data_A[8] driven by constant 0
WARNING: [Synth 8-3917] design fir has port data_A[7] driven by constant 0
WARNING: [Synth 8-3917] design fir has port data_A[6] driven by constant 0
WARNING: [Synth 8-7129] Port rready in module fir is either unconnected or has no load
WARNING: [Synth 8-7129] Port ss_tlast in module fir is either unconnected or has no load
---------------------------------------------------------------------------------
Finished Synthesize : Time (s): cpu = 00:00:04 ; elapsed = 00:00:04 . Memory (MB): peak = 2903.082 ; gain = 0.000 ; free physical = 3120 ; free virtual = 6831
---------------------------------------------------------------------------------
---------------------------------------------------------------------------------
Finished Constraint Validation : Time (s): cpu = 00:00:04 ; elapsed = 00:00:04 . Memory (MB): peak = 2903.082 ; gain = 0.000 ; free physical = 3148 ; free virtual = 6859
---------------------------------------------------------------------------------
---------------------------------------------------------------------------------
Start Loading Part and Timing Information
---------------------------------------------------------------------------------
Loading part: xczu7ev-ffvc1156-2-e
INFO: [Synth 8-6742] Reading net delay rules and data
INFO: [Device 21-403] Loading part xczu7ev-ffvc1156-2-e
---------------------------------------------------------------------------------
Finished Loading Part and Timing Information : Time (s): cpu = 00:00:04 ; elapsed = 00:00:04 . Memory (MB): peak = 2911.086 ; gain = 8.004 ; free physical = 3148 ; free virtual = 6859
---------------------------------------------------------------------------------
---------------------------------------------------------------------------------
Finished RTL Optimization Phase 2 : Time (s): cpu = 00:00:04 ; elapsed = 00:00:05 . Memory (MB): peak = 2911.086 ; gain = 8.004 ; free physical = 3116 ; free virtual = 6828
---------------------------------------------------------------------------------
No constraint files found.
---------------------------------------------------------------------------------
Start RTL Component Statistics 
---------------------------------------------------------------------------------
Detailed RTL Component Info : 
+---Adders : 
	   2 Input   32 Bit       Adders := 1     
+---Registers : 
	               32 Bit    Registers := 3     
	                4 Bit    Registers := 3     
	                3 Bit    Registers := 1     
+---Multipliers : 
	              32x32  Multipliers := 1     
+---Muxes : 
	   2 Input   32 Bit        Muxes := 4     
	   3 Input   32 Bit        Muxes := 1     
	   6 Input   32 Bit        Muxes := 1     
	   2 Input    4 Bit        Muxes := 4     
	   4 Input    4 Bit        Muxes := 1     
	   2 Input    3 Bit        Muxes := 4     
	   3 Input    3 Bit        Muxes := 1     
	   2 Input    2 Bit        Muxes := 2     
	   2 Input    1 Bit        Muxes := 5     
	   4 Input    1 Bit        Muxes := 1     
	   5 Input    1 Bit        Muxes := 1     
---------------------------------------------------------------------------------
Finished RTL Component Statistics 
---------------------------------------------------------------------------------
---------------------------------------------------------------------------------
Start Part Resource Summary
---------------------------------------------------------------------------------
Part Resources:
DSPs: 1728 (col length:144)
BRAMs: 624 (col length: RAMB18 144 RAMB36 72)
---------------------------------------------------------------------------------
Finished Part Resource Summary
---------------------------------------------------------------------------------
No constraint files found.
---------------------------------------------------------------------------------
Start Cross Boundary and Area Optimization
---------------------------------------------------------------------------------
WARNING: [Synth 8-7080] Parallel synthesis criteria is not met
DSP Report: Generating DSP mul_out, operation Mode is: A*B.
DSP Report: operator mul_out is absorbed into DSP mul_out.
DSP Report: operator mul_out is absorbed into DSP mul_out.
DSP Report: Generating DSP mul_out, operation Mode is: (PCIN>>17)+A*B.
DSP Report: operator mul_out is absorbed into DSP mul_out.
DSP Report: operator mul_out is absorbed into DSP mul_out.
DSP Report: Generating DSP mul_out, operation Mode is: A*B.
DSP Report: operator mul_out is absorbed into DSP mul_out.
DSP Report: operator mul_out is absorbed into DSP mul_out.
DSP Report: Generating DSP mul_out, operation Mode is: (PCIN>>17)+A*B.
DSP Report: operator mul_out is absorbed into DSP mul_out.
DSP Report: operator mul_out is absorbed into DSP mul_out.
WARNING: [Synth 8-3917] design fir has port tap_EN driven by constant 1
WARNING: [Synth 8-3917] design fir has port tap_A[11] driven by constant 0
WARNING: [Synth 8-3917] design fir has port tap_A[10] driven by constant 0
WARNING: [Synth 8-3917] design fir has port tap_A[9] driven by constant 0
WARNING: [Synth 8-3917] design fir has port tap_A[8] driven by constant 0
WARNING: [Synth 8-3917] design fir has port tap_A[7] driven by constant 0
WARNING: [Synth 8-3917] design fir has port tap_A[6] driven by constant 0
WARNING: [Synth 8-3917] design fir has port tap_A[1] driven by constant 0
WARNING: [Synth 8-3917] design fir has port tap_A[0] driven by constant 0
WARNING: [Synth 8-3917] design fir has port data_EN driven by constant 1
WARNING: [Synth 8-3917] design fir has port data_A[11] driven by constant 0
WARNING: [Synth 8-3917] design fir has port data_A[10] driven by constant 0
WARNING: [Synth 8-3917] design fir has port data_A[9] driven by constant 0
WARNING: [Synth 8-3917] design fir has port data_A[8] driven by constant 0
WARNING: [Synth 8-3917] design fir has port data_A[7] driven by constant 0
WARNING: [Synth 8-3917] design fir has port data_A[6] driven by constant 0
WARNING: [Synth 8-3917] design fir has port data_A[1] driven by constant 0
WARNING: [Synth 8-3917] design fir has port data_A[0] driven by constant 0
WARNING: [Synth 8-7129] Port rready in module fir is either unconnected or has no load
WARNING: [Synth 8-7129] Port ss_tlast in module fir is either unconnected or has no load
---------------------------------------------------------------------------------
Finished Cross Boundary and Area Optimization : Time (s): cpu = 00:00:10 ; elapsed = 00:00:11 . Memory (MB): peak = 3296.320 ; gain = 393.238 ; free physical = 2235 ; free virtual = 5950
---------------------------------------------------------------------------------
---------------------------------------------------------------------------------
Start ROM, RAM, DSP, Shift Register and Retiming Reporting
---------------------------------------------------------------------------------

DSP: Preliminary Mapping Report (see note below. The ' indicates corresponding REG is set)
+------------+----------------+--------+--------+--------+--------+--------+------+------+------+------+-------+------+------+
|Module Name | DSP Mapping    | A Size | B Size | C Size | D Size | P Size | AREG | BREG | CREG | DREG | ADREG | MREG | PREG | 
+------------+----------------+--------+--------+--------+--------+--------+------+------+------+------+-------+------+------+
|fir         | A*B            | 18     | 16     | -      | -      | 48     | 0    | 0    | -    | -    | -     | 0    | 0    | 
|fir         | (PCIN>>17)+A*B | 16     | 16     | -      | -      | 48     | 0    | 0    | -    | -    | -     | 0    | 0    | 
|fir         | A*B            | 18     | 18     | -      | -      | 48     | 0    | 0    | -    | -    | -     | 0    | 0    | 
|fir         | (PCIN>>17)+A*B | 18     | 16     | -      | -      | 48     | 0    | 0    | -    | -    | -     | 0    | 0    | 
+------------+----------------+--------+--------+--------+--------+--------+------+------+------+------+-------+------+------+

Note: The table above is a preliminary report that shows the DSPs inferred at the current stage of the synthesis flow. Some DSP may be reimplemented as non DSP primitives later in the synthesis flow. Multiple instantiated DSPs are reported only once.
---------------------------------------------------------------------------------
Finished ROM, RAM, DSP, Shift Register and Retiming Reporting
---------------------------------------------------------------------------------
No constraint files found.
---------------------------------------------------------------------------------
Start Timing Optimization
---------------------------------------------------------------------------------
---------------------------------------------------------------------------------
Finished Timing Optimization : Time (s): cpu = 00:00:10 ; elapsed = 00:00:11 . Memory (MB): peak = 3296.320 ; gain = 393.238 ; free physical = 2233 ; free virtual = 5948
---------------------------------------------------------------------------------
---------------------------------------------------------------------------------
Start Technology Mapping
---------------------------------------------------------------------------------
---------------------------------------------------------------------------------
Finished Technology Mapping : Time (s): cpu = 00:00:10 ; elapsed = 00:00:11 . Memory (MB): peak = 3296.320 ; gain = 393.238 ; free physical = 2232 ; free virtual = 5946
---------------------------------------------------------------------------------
---------------------------------------------------------------------------------
Start IO Insertion
---------------------------------------------------------------------------------
---------------------------------------------------------------------------------
Start Flattening Before IO Insertion
---------------------------------------------------------------------------------
---------------------------------------------------------------------------------
Finished Flattening Before IO Insertion
---------------------------------------------------------------------------------
---------------------------------------------------------------------------------
Start Final Netlist Cleanup
---------------------------------------------------------------------------------
---------------------------------------------------------------------------------
Finished Final Netlist Cleanup
---------------------------------------------------------------------------------
---------------------------------------------------------------------------------
Finished IO Insertion : Time (s): cpu = 00:00:12 ; elapsed = 00:00:13 . Memory (MB): peak = 3296.320 ; gain = 393.238 ; free physical = 2240 ; free virtual = 5954
---------------------------------------------------------------------------------
---------------------------------------------------------------------------------
Start Renaming Generated Instances
---------------------------------------------------------------------------------
---------------------------------------------------------------------------------
Finished Renaming Generated Instances : Time (s): cpu = 00:00:12 ; elapsed = 00:00:13 . Memory (MB): peak = 3296.320 ; gain = 393.238 ; free physical = 2240 ; free virtual = 5954
---------------------------------------------------------------------------------
---------------------------------------------------------------------------------
Start Rebuilding User Hierarchy
---------------------------------------------------------------------------------
---------------------------------------------------------------------------------
Finished Rebuilding User Hierarchy : Time (s): cpu = 00:00:12 ; elapsed = 00:00:13 . Memory (MB): peak = 3296.320 ; gain = 393.238 ; free physical = 2240 ; free virtual = 5954
---------------------------------------------------------------------------------
---------------------------------------------------------------------------------
Start Renaming Generated Ports
---------------------------------------------------------------------------------
---------------------------------------------------------------------------------
Finished Renaming Generated Ports : Time (s): cpu = 00:00:12 ; elapsed = 00:00:13 . Memory (MB): peak = 3296.320 ; gain = 393.238 ; free physical = 2240 ; free virtual = 5954
---------------------------------------------------------------------------------
---------------------------------------------------------------------------------
Start Handling Custom Attributes
---------------------------------------------------------------------------------
---------------------------------------------------------------------------------
Finished Handling Custom Attributes : Time (s): cpu = 00:00:12 ; elapsed = 00:00:13 . Memory (MB): peak = 3296.320 ; gain = 393.238 ; free physical = 2240 ; free virtual = 5954
---------------------------------------------------------------------------------
---------------------------------------------------------------------------------
Start Renaming Generated Nets
---------------------------------------------------------------------------------
---------------------------------------------------------------------------------
Finished Renaming Generated Nets : Time (s): cpu = 00:00:12 ; elapsed = 00:00:13 . Memory (MB): peak = 3296.320 ; gain = 393.238 ; free physical = 2240 ; free virtual = 5954
---------------------------------------------------------------------------------
---------------------------------------------------------------------------------
Start Writing Synthesis Report
---------------------------------------------------------------------------------

DSP Final Report (the ' indicates corresponding REG is set)
+------------+--------------+--------+--------+--------+--------+--------+------+------+------+------+-------+------+------+
|Module Name | DSP Mapping  | A Size | B Size | C Size | D Size | P Size | AREG | BREG | CREG | DREG | ADREG | MREG | PREG | 
+------------+--------------+--------+--------+--------+--------+--------+------+------+------+------+-------+------+------+
|fir         | A*B          | 17     | 15     | -      | -      | 48     | 0    | 0    | -    | -    | -     | 0    | 0    | 
|fir         | A*B          | 17     | 17     | -      | -      | 48     | 0    | 0    | -    | -    | -     | 0    | 0    | 
|fir         | PCIN>>17+A*B | 0      | 15     | -      | -      | 48     | 0    | 0    | -    | -    | -     | 0    | 0    | 
+------------+--------------+--------+--------+--------+--------+--------+------+------+------+------+-------+------+------+


Report BlackBoxes: 
+-+--------------+----------+
| |BlackBox name |Instances |
+-+--------------+----------+
+-+--------------+----------+

Report Cell Usage: 
+------+--------+------+
|      |Cell    |Count |
+------+--------+------+
|1     |BUFG    |     1|
|2     |CARRY8  |     6|
|3     |DSP48E2 |     3|
|4     |LUT1    |     1|
|5     |LUT2    |    21|
|6     |LUT3    |    41|
|7     |LUT4    |    83|
|8     |LUT5    |    77|
|9     |LUT6    |    54|
|10    |FDCE    |   113|
|11    |IBUF    |   159|
|12    |OBUF    |   169|
+------+--------+------+

Report Instance Areas: 
+------+---------+-------+------+
|      |Instance |Module |Cells |
+------+---------+-------+------+
|1     |top      |       |   728|
+------+---------+-------+------+
---------------------------------------------------------------------------------
Finished Writing Synthesis Report : Time (s): cpu = 00:00:12 ; elapsed = 00:00:13 . Memory (MB): peak = 3296.320 ; gain = 393.238 ; free physical = 2240 ; free virtual = 5954
---------------------------------------------------------------------------------
Synthesis finished with 0 errors, 0 critical warnings and 37 warnings.
Synthesis Optimization Runtime : Time (s): cpu = 00:00:12 ; elapsed = 00:00:13 . Memory (MB): peak = 3296.320 ; gain = 393.238 ; free physical = 2245 ; free virtual = 5959
Synthesis Optimization Complete : Time (s): cpu = 00:00:12 ; elapsed = 00:00:13 . Memory (MB): peak = 3296.328 ; gain = 393.238 ; free physical = 2245 ; free virtual = 5959
INFO: [Project 1-571] Translating synthesized netlist
Netlist sorting complete. Time (s): cpu = 00:00:00 ; elapsed = 00:00:00 . Memory (MB): peak = 3296.328 ; gain = 0.000 ; free physical = 2312 ; free virtual = 6027
INFO: [Netlist 29-17] Analyzing 169 Unisim elements for replacement
INFO: [Netlist 29-28] Unisim Transformation completed in 0 CPU seconds
INFO: [Project 1-570] Preparing netlist for logic optimization
INFO: [Opt 31-138] Pushed 0 inverter(s) to 0 load pin(s).
Netlist sorting complete. Time (s): cpu = 00:00:00 ; elapsed = 00:00:00 . Memory (MB): peak = 3336.340 ; gain = 0.000 ; free physical = 2234 ; free virtual = 5948
INFO: [Project 1-111] Unisim Transformation Summary:
  A total of 163 instances were transformed.
  BUFG => BUFGCE: 1 instance 
  DSP48E2 => DSP48E2 (DSP_ALU, DSP_A_B_DATA, DSP_C_DATA, DSP_MULTIPLIER, DSP_M_DATA, DSP_OUTPUT, DSP_PREADD, DSP_PREADD_DATA): 3 instances
  IBUF => IBUF (IBUFCTRL, INBUF): 159 instances

Synth Design complete, checksum: ef739e51
INFO: [Common 17-83] Releasing license: Synthesis
16 Infos, 37 Warnings, 0 Critical Warnings and 0 Errors encountered.
synth_design completed successfully
synth_design: Time (s): cpu = 00:00:17 ; elapsed = 00:00:15 . Memory (MB): peak = 3336.340 ; gain = 433.258 ; free physical = 2439 ; free virtual = 6154
INFO: [Common 17-1381] The checkpoint '/home/ubuntu/Desktop/fir/fir_new/fir_new.runs/synth_1/fir.dcp' has been generated.
INFO: [runtcl-4] Executing : report_utilization -file fir_utilization_synth.rpt -pb fir_utilization_synth.pb
INFO: [Common 17-206] Exiting Vivado at Thu Oct 19 06:42:03 2023...
